<?xml version="1.0" encoding="UTF-8"?>
<testsuite name="TestSuite" time="53.197" tests="5" errors="0" skipped="0" failures="1">
  <properties>
[...]
</properties>
  <testcase name="validateHeaderComponents" classname="scenarios.HomePageTest" time="30.585">
    <failure message="Unable to locate element: {&quot;method&quot;:&quot;xpath&quot;,&quot;selector&quot;:&quot;//span[contains(text(),&apos;Electronics&apos;)]&quot;}&#10;Command duration or timeout: 22 milliseconds&#10;For documentation on this error, please visit: http://seleniumhq.org/exceptions/no_such_element.html&#10;Build info: version: &apos;2.53.0&apos;, revision: &apos;35ae25b1534ae328c771e0856c93e187490ca824&apos;, time: &apos;2016-03-15 10:43:46&apos;&#10;System info: host: &apos;N/A&apos;, ip: &apos;N/A&apos;, os.name: &apos;Mac OS X&apos;, os.arch: &apos;x86_64&apos;, os.version: &apos;10.12&apos;, java.version: &apos;1.7.0_67&apos;&#10;*** Element info: {Using=xpath, value=//span[contains(text(),&apos;Electronics&apos;)]}&#10;Session ID: 93dbebdd-2bb4-d645-b2c6-1dce07828059&#10;Driver info: org.openqa.selenium.firefox.FirefoxDriver&#10;Capabilities [{platform=MAC, acceptSslCerts=true, javascriptEnabled=true, cssSelectorsEnabled=true, databaseEnabled=true, browserName=firefox, handlesAlerts=true, nativeEvents=false, webStorageEnabled=true, rotatable=false, locationContextEnabled=true, applicationCacheEnabled=true, takesScreenshot=true, version=41.0}]" type="org.openqa.selenium.NoSuchElementException"><![CDATA[org.openqa.selenium.NoSuchElementException: Unable to locate element: {"method":"xpath","selector":"//span[contains(text(),'Electronics')]"}
Command duration or timeout: 22 milliseconds
For documentation on this error, please visit: http://seleniumhq.org/exceptions/no_such_element.html
Build info: version: '2.53.0', revision: '35ae25b1534ae328c771e0856c93e187490ca824', time: '2016-03-15 10:43:46'
System info: host: 'N/A', ip: 'N/A', os.name: 'Mac OS X', os.arch: 'x86_64', os.version: '10.12', java.version: '1.7.0_67'
*** Element info: {Using=xpath, value=//span[contains(text(),'Electronics')]}
Session ID: 93dbebdd-2bb4-d645-b2c6-1dce07828059
Driver info: org.openqa.selenium.firefox.FirefoxDriver
Capabilities [{platform=MAC, acceptSslCerts=true, javascriptEnabled=true, cssSelectorsEnabled=true, databaseEnabled=true, browserName=firefox, handlesAlerts=true, nativeEvents=false, webStorageEnabled=true, rotatable=false, locationContextEnabled=true, applicationCacheEnabled=true, takesScreenshot=true, version=41.0}]
	at sun.reflect.NativeConstructorAccessorImpl.newInstance0(Native Method)
	at sun.reflect.NativeConstructorAccessorImpl.newInstance(NativeConstructorAccessorImpl.java:57)
	at sun.reflect.DelegatingConstructorAccessorImpl.newInstance(DelegatingConstructorAccessorImpl.java:45)
	at java.lang.reflect.Constructor.newInstance(Constructor.java:526)
	at org.openqa.selenium.remote.ErrorHandler.createThrowable(ErrorHandler.java:206)
	at org.openqa.selenium.remote.ErrorHandler.throwIfResponseFailed(ErrorHandler.java:158)
	at org.openqa.selenium.remote.RemoteWebDriver.execute(RemoteWebDriver.java:678)
	at org.openqa.selenium.remote.RemoteWebDriver.findElement(RemoteWebDriver.java:363)
	at org.openqa.selenium.remote.RemoteWebDriver.findElementByXPath(RemoteWebDriver.java:500)
	at org.openqa.selenium.By$ByXPath.findElement(By.java:361)
	at org.openqa.selenium.remote.RemoteWebDriver.findElement(RemoteWebDriver.java:355)
	at org.openqa.selenium.support.pagefactory.DefaultElementLocator.findElement(DefaultElementLocator.java:69)
	at org.openqa.selenium.support.pagefactory.internal.LocatingElementHandler.invoke(LocatingElementHandler.java:38)
	at com.sun.proxy.$Proxy6.isDisplayed(Unknown Source)
	at pages.HomePage.verifyHeaderComponentsDisplayed(HomePage.java:78)
	at scenarios.HomePageTest.validateHeaderComponents(HomePageTest.java:33)
Caused by: org.openqa.selenium.NoSuchElementException: Unable to locate element: {"method":"xpath","selector":"//span[contains(text(),'Electronics')]"}
For documentation on this error, please visit: http://seleniumhq.org/exceptions/no_such_element.html
Build info: version: '2.53.0', revision: '35ae25b1534ae328c771e0856c93e187490ca824', time: '2016-03-15 10:43:46'
System info: host: 'N/A', ip: 'N/A', os.name: 'Mac OS X', os.arch: 'x86_64', os.version: '10.12', java.version: '1.7.0_67'
Driver info: driver.version: unknown
	at <anonymous class>.FirefoxDriver.prototype.findElementInternal_(file:///var/folders/bd/6w_f53cx4s7041_fd1_nmfxw0000gp/T/anonymous4355842345270381639webdriver-profile/extensions/fxdriver@googlecode.com/components/driver-component.js:10770)
	at <anonymous class>.FirefoxDriver.prototype.findElement(file:///var/folders/bd/6w_f53cx4s7041_fd1_nmfxw0000gp/T/anonymous4355842345270381639webdriver-profile/extensions/fxdriver@googlecode.com/components/driver-component.js:10779)
	at <anonymous class>.DelayedCommand.prototype.executeInternal_/h(file:///var/folders/bd/6w_f53cx4s7041_fd1_nmfxw0000gp/T/anonymous4355842345270381639webdriver-profile/extensions/fxdriver@googlecode.com/components/command-processor.js:12661)
	at <anonymous class>.DelayedCommand.prototype.executeInternal_(file:///var/folders/bd/6w_f53cx4s7041_fd1_nmfxw0000gp/T/anonymous4355842345270381639webdriver-profile/extensions/fxdriver@googlecode.com/components/command-processor.js:12666)
	at <anonymous class>.DelayedCommand.prototype.execute/<(file:///var/folders/bd/6w_f53cx4s7041_fd1_nmfxw0000gp/T/anonymous4355842345270381639webdriver-profile/extensions/fxdriver@googlecode.com/components/command-processor.js:12608)
]]></failure>
    <system-out><![CDATA[Configuring TestNG with: TestNGMapConfigurator
16/10/2016 19:24:02 webLogger Surefire test--Test start

16/10/2016 19:24:02 webLogger Before Login
16/10/2016 19:24:02 webLogger ****************************************************************************************
16/10/2016 19:24:02 webLogger ****************************************************************************************
16/10/2016 19:24:02 webLogger $$$$$$$$$$$$$$$$$$$$$                 HomePageTest       $$$$$$$$$$$$$$$$$$$$$$$$$
16/10/2016 19:24:02 webLogger ****************************************************************************************
16/10/2016 19:24:02 webLogger ****************************************************************************************
16/10/2016 19:24:02 webLogger [TestClass class scenarios.HomePageTest]:validateHeaderComponents--Test Started->
16/10/2016 19:24:02 webLogger Test 'validateHeaderComponents' FAILED
16/10/2016 19:24:02 webLogger 
16/10/2016 19:24:02 webLogger org.openqa.selenium.NoSuchElementException: Unable to locate element: {"method":"xpath","selector":"//span[contains(text(),'Electronics')]"}
Command duration or timeout: 22 milliseconds
For documentation on this error, please visit: http://seleniumhq.org/exceptions/no_such_element.html
Build info: version: '2.53.0', revision: '35ae25b1534ae328c771e0856c93e187490ca824', time: '2016-03-15 10:43:46'
System info: host: 'N/A', ip: 'N/A', os.name: 'Mac OS X', os.arch: 'x86_64', os.version: '10.12', java.version: '1.7.0_67'
*** Element info: {Using=xpath, value=//span[contains(text(),'Electronics')]}
Session ID: 93dbebdd-2bb4-d645-b2c6-1dce07828059
Driver info: org.openqa.selenium.firefox.FirefoxDriver
Capabilities [{platform=MAC, acceptSslCerts=true, javascriptEnabled=true, cssSelectorsEnabled=true, databaseEnabled=true, browserName=firefox, handlesAlerts=true, nativeEvents=false, webStorageEnabled=true, rotatable=false, locationContextEnabled=true, applicationCacheEnabled=true, takesScreenshot=true, version=41.0}]
16/10/2016 19:24:08 webLogger Priority of this method is 0

]]></system-out>
  </testcase>
  <testcase name="testLoginPageDisplayed" classname="scenarios.LoginTest" time="5.298"/>
  <testcase name="validateFooterComponents" classname="scenarios.HomePageTest" time="0.553"/>
  <testcase name="testLoginSuccess" classname="scenarios.LoginTest" time="12.611"/>
  <testcase name="searchProduct" classname="scenarios.HomePageTest" time="4.15"/>
</testsuite>